{"name": "Verify Users Filters", "status": "broken", "statusDetails": {"message": "selenium.common.exceptions.TimeoutException: Message:", "trace": "self = <test_cases.test_web.Test_Web object at 0x00000188B2BCBD10>, search_value = 'lili', expected_users = ' 1'\n\n    @allure.title('Verify Users Filters')\n    @allure.description('Test the search bar in users page')\n    @pytest.mark.parametrize('search_value,expected_users', web_flows.split_csv(web_flows.data))\n    def test_csv(self,search_value,expected_users):\n        flow.open_users()\n        flow.search_user(search_value)\n>       flow.verify_number_of_users(int(expected_users))\n\ntest_cases\\test_web.py:48: \n_ _ _ _ _ _ _ _ _ _ _ _ _ _ _ _ _ _ _ _ _ _ _ _ _ _ _ _ _ _ _ _ _ _ _ _ _ _ _ _ _ _ _ _ _ _ _ _ _ _ _ _ _ _ _ _ _ _ _ _ _ _ _ _ _ _ _ _ _ _ _ _ _ _ _ _\nwokflows\\web_flows.py:73: in verify_number_of_users\n    wait(For.ELEMENT_DISPLAYED,users_list)\nutilities\\common_ops.py:27: in wait\n    WebDriverWait(conftest.driver, 5).until(EC.visibility_of_element_located((elem[0], elem[1])))\n_ _ _ _ _ _ _ _ _ _ _ _ _ _ _ _ _ _ _ _ _ _ _ _ _ _ _ _ _ _ _ _ _ _ _ _ _ _ _ _ _ _ _ _ _ _ _ _ _ _ _ _ _ _ _ _ _ _ _ _ _ _ _ _ _ _ _ _ _ _ _ _ _ _ _ _\n\nself = <selenium.webdriver.support.wait.WebDriverWait (session=\"e6b2982d92a3720760ea60467e020eb7\")>\nmethod = <selenium.webdriver.support.expected_conditions.visibility_of_element_located object at 0x00000188B2C3DB10>, message = ''\n\n    def until(self, method, message=''):\n        \"\"\"Calls the method provided with the driver as an argument until the \\\n        return value is not False.\"\"\"\n        screen = None\n        stacktrace = None\n    \n        end_time = time.time() + self._timeout\n        while True:\n            try:\n                value = method(self._driver)\n                if value:\n                    return value\n            except self._ignored_exceptions as exc:\n                screen = getattr(exc, 'screen', None)\n                stacktrace = getattr(exc, 'stacktrace', None)\n            time.sleep(self._poll)\n            if time.time() > end_time:\n                break\n>       raise TimeoutException(message, screen, stacktrace)\nE       selenium.common.exceptions.TimeoutException: Message:\n\nvenv\\Lib\\site-packages\\selenium\\webdriver\\support\\wait.py:80: TimeoutException"}, "description": "Test the search bar in users page", "steps": [{"name": "Go to users page", "status": "passed", "steps": [{"name": "Mouse hover", "status": "passed", "parameters": [{"name": "elem1", "value": "<selenium.webdriver.remote.webelement.WebElement (session=\"e6b2982d92a3720760ea60467e020eb7\", element=\"EDCF3098EBE920C5A20895E0253A2875_element_222\")>"}, {"name": "elem2", "value": "<selenium.webdriver.remote.webelement.WebElement (session=\"e6b2982d92a3720760ea60467e020eb7\", element=\"EDCF3098EBE920C5A20895E0253A2875_element_223\")>"}], "start": 1691427672875, "stop": 1691427673467}], "start": 1691427672767, "stop": 1691427673467}, {"name": "search user", "status": "passed", "steps": [{"name": "Clear text", "status": "passed", "parameters": [{"name": "elem", "value": "<selenium.webdriver.remote.webelement.WebElement (session=\"e6b2982d92a3720760ea60467e020eb7\", element=\"EDCF3098EBE920C5A20895E0253A2875_element_224\")>"}], "start": 1691427673532, "stop": 1691427673602}, {"name": "Send keys", "status": "passed", "parameters": [{"name": "elem", "value": "<selenium.webdriver.remote.webelement.WebElement (session=\"e6b2982d92a3720760ea60467e020eb7\", element=\"EDCF3098EBE920C5A20895E0253A2875_element_224\")>"}, {"name": "value", "value": "'lili'"}], "start": 1691427673623, "stop": 1691427673738}], "parameters": [{"name": "search_value", "value": "'lili'"}], "start": 1691427673467, "stop": 1691427673738}, {"name": "verify number of users", "status": "broken", "statusDetails": {"message": "selenium.common.exceptions.TimeoutException: Message: \n\n", "trace": "  File \"C:\\Users\\daniels\\PycharmProjects\\final_project\\venv\\Lib\\site-packages\\allure_commons\\_allure.py\", line 192, in impl\n    return func(*a, **kw)\n           ^^^^^^^^^^^^^^\n  File \"C:\\Users\\daniels\\PycharmProjects\\final_project\\wokflows\\web_flows.py\", line 73, in verify_number_of_users\n    wait(For.ELEMENT_DISPLAYED,users_list)\n  File \"C:\\Users\\daniels\\PycharmProjects\\final_project\\utilities\\common_ops.py\", line 27, in wait\n    WebDriverWait(conftest.driver, 5).until(EC.visibility_of_element_located((elem[0], elem[1])))\n  File \"C:\\Users\\daniels\\PycharmProjects\\final_project\\venv\\Lib\\site-packages\\selenium\\webdriver\\support\\wait.py\", line 80, in until\n    raise TimeoutException(message, screen, stacktrace)\n"}, "parameters": [{"name": "expected", "value": "1"}], "start": 1691427673739, "stop": 1691427679255}], "attachments": [{"source": "76d8e594-4aad-44e1-907d-94eb056004f6-attachment.png", "type": "image/png"}], "parameters": [{"name": "search_value", "value": "'lili'"}, {"name": "expected_users", "value": "' 1'"}], "start": 1691427672766, "stop": 1691427679256, "uuid": "f78a3b2c-e98b-4b64-a712-4a5529d0ee22", "historyId": "456f4dbb29ed88b445a73cd900c76899", "testCaseId": "31069cd3bc0edc9b9c4a1e9f567cabe6", "fullName": "test_cases.test_web.Test_Web#test_csv", "labels": [{"name": "tag", "value": "@pytest.mark.usefixtures('init_web_driver')"}, {"name": "parentSuite", "value": "test_cases"}, {"name": "suite", "value": "test_web"}, {"name": "subSuite", "value": "Test_Web"}, {"name": "host", "value": "LAPTOP-DanielShavit"}, {"name": "thread", "value": "8224-MainThread"}, {"name": "framework", "value": "pytest"}, {"name": "language", "value": "cpython3"}, {"name": "package", "value": "test_cases.test_web"}]}